STAR version=STAR_2.5.1b
STAR compilation time,server,dir=So 21. Feb 17:00:50 CET 2016 :/home/willy/Bachelorarbeit/STAR-2.5.1b/source
##### DEFAULT parameters:
versionSTAR                       20201
versionGenome                     20101   20200   
parametersFiles                   -   
sysShell                          -
runMode                           alignReads
runThreadN                        1
runDirPerm                        User_RWX
runRNGseed                        777
genomeDir                         ./GenomeDir/
genomeLoad                        NoSharedMemory
genomeFastaFiles                  -   
genomeSAindexNbases               14
genomeChrBinNbits                 18
genomeSAsparseD                   1
genomeSuffixLengthMax             18446744073709551615
readFilesIn                       Read1   Read2   
readFilesCommand                  -   
readMatesLengthsIn                NotEqual
readMapNumber                     18446744073709551615
readNameSeparator                 /   
inputBAMfile                      -
bamRemoveDuplicatesType           -
bamRemoveDuplicatesMate2basesN    0
limitGenomeGenerateRAM            31000000000
limitIObufferSize                 150000000
limitOutSAMoneReadBytes           100000
limitOutSJcollapsed               1000000
limitOutSJoneRead                 1000
limitBAMsortRAM                   0
limitSjdbInsertNsj                1000000
outTmpDir                         -
outStd                            Log
outReadsUnmapped                  None
outQSconversionAdd                0
outMultimapperOrder               Old_2.4
outSAMtype                        SAM   
outSAMmode                        Full
outSAMstrandField                 None
outSAMattributes                  Standard   
outSAMunmapped                    None   
outSAMorder                       Paired
outSAMprimaryFlag                 OneBestScore
outSAMreadID                      Standard
outSAMmapqUnique                  255
outSAMflagOR                      0
outSAMflagAND                     65535
outSAMattrRGline                  -   
outSAMheaderHD                    -   
outSAMheaderPG                    -   
outSAMheaderCommentFile           -
outBAMcompression                 1
outBAMsortingThreadN              0
outSAMfilter                      None   
outSAMmultNmax                    18446744073709551615
outSAMattrIHstart                 1
outSJfilterReads                  All
outSJfilterCountUniqueMin         3   1   1   1   
outSJfilterCountTotalMin          3   1   1   1   
outSJfilterOverhangMin            30   12   12   12   
outSJfilterDistToOtherSJmin       10   0   5   10   
outSJfilterIntronMaxVsReadN       50000   100000   200000   
outWigType                        None   
outWigStrand                      Stranded   
outWigReferencesPrefix            -
outWigNorm                        RPM   
outFilterType                     Normal
outFilterMultimapNmax             10
outFilterMultimapScoreRange       1
outFilterScoreMin                 0
outFilterScoreMinOverLread        0.66
outFilterMatchNmin                0
outFilterMatchNminOverLread       0.66
outFilterMismatchNmax             10
outFilterMismatchNoverLmax        0.3
outFilterMismatchNoverReadLmax    1
outFilterIntronMotifs             None
clip5pNbases                      0   
clip3pNbases                      0   
clip3pAfterAdapterNbases          0   
clip3pAdapterSeq                  -   
clip3pAdapterMMp                  0.1   
winBinNbits                       16
winAnchorDistNbins                9
winFlankNbins                     4
winAnchorMultimapNmax             50
scoreGap                          0
scoreGapNoncan                    -8
scoreGapGCAG                      -4
scoreGapATAC                      -8
scoreStitchSJshift                1
scoreGenomicLengthLog2scale       -0.25
scoreDelBase                      -2
scoreDelOpen                      -2
scoreInsOpen                      -2
scoreInsBase                      -2
seedSearchLmax                    0
seedSearchStartLmax               50
seedSearchStartLmaxOverLread      1
seedPerReadNmax                   1000
seedPerWindowNmax                 50
seedNoneLociPerWindow             10
seedMultimapNmax                  10000
alignIntronMin                    21
alignIntronMax                    0
alignMatesGapMax                  0
alignTranscriptsPerReadNmax       10000
alignSJoverhangMin                5
alignSJDBoverhangMin              3
alignSJstitchMismatchNmax         0   -1   0   0   
alignSplicedMateMapLmin           0
alignSplicedMateMapLminOverLmate    0.66
alignWindowsPerReadNmax           10000
alignTranscriptsPerWindowNmax     100
alignEndsType                     Local
alignSoftClipAtReferenceEnds      Yes
chimSegmentMin                    0
chimScoreMin                      0
chimScoreDropMax                  20
chimScoreSeparation               10
chimScoreJunctionNonGTAG          -1
chimJunctionOverhangMin           20
chimOutType                       SeparateSAMold
chimFilter                        banGenomicN   
chimSegmentReadGapMax             0
sjdbFileChrStartEnd               -   
sjdbGTFfile                       -
sjdbGTFchrPrefix                  -
sjdbGTFfeatureExon                exon
sjdbGTFtagExonParentTranscript    transcript_id
sjdbGTFtagExonParentGene          gene_id
sjdbOverhang                      100
sjdbScore                         2
sjdbInsertSave                    Basic
quantMode                         -   
quantTranscriptomeBAMcompression    1
quantTranscriptomeBan             IndelSoftclipSingleend
twopass1readsN                    18446744073709551615
twopassMode                       None
##### Command Line:
/home/willy/Bachelorarbeit/STAR-2.5.1b/source/STAR --runThreadN 4 --genomeDir /home/willy/Bachelorarbeit/Manager/genome/ --readFilesIn ../Tutorial/Drosophila/SRR5234240/N21200000X21299999/SRR5234240.fasta --outFileNamePrefix ../Tutorial/Drosophila/SRR5234240/N21200000X21299999/
##### Initial USER parameters from Command Line:
outFileNamePrefix                 ../Tutorial/Drosophila/SRR5234240/N21200000X21299999/
###### All USER parameters from Command Line:
runThreadN                    4     ~RE-DEFINED
genomeDir                     /home/willy/Bachelorarbeit/Manager/genome/     ~RE-DEFINED
readFilesIn                   ../Tutorial/Drosophila/SRR5234240/N21200000X21299999/SRR5234240.fasta        ~RE-DEFINED
outFileNamePrefix             ../Tutorial/Drosophila/SRR5234240/N21200000X21299999/     ~RE-DEFINED
##### Finished reading parameters from all sources

##### Final user re-defined parameters-----------------:
runThreadN                        4
genomeDir                         /home/willy/Bachelorarbeit/Manager/genome/
readFilesIn                       ../Tutorial/Drosophila/SRR5234240/N21200000X21299999/SRR5234240.fasta   
outFileNamePrefix                 ../Tutorial/Drosophila/SRR5234240/N21200000X21299999/

-------------------------------
##### Final effective command line:
/home/willy/Bachelorarbeit/STAR-2.5.1b/source/STAR   --runThreadN 4   --genomeDir /home/willy/Bachelorarbeit/Manager/genome/   --readFilesIn ../Tutorial/Drosophila/SRR5234240/N21200000X21299999/SRR5234240.fasta      --outFileNamePrefix ../Tutorial/Drosophila/SRR5234240/N21200000X21299999/

##### Final parameters after user input--------------------------------:
versionSTAR                       20201
versionGenome                     20101   20200   
parametersFiles                   -   
sysShell                          -
runMode                           alignReads
runThreadN                        4
runDirPerm                        User_RWX
runRNGseed                        777
genomeDir                         /home/willy/Bachelorarbeit/Manager/genome/
genomeLoad                        NoSharedMemory
genomeFastaFiles                  -   
genomeSAindexNbases               14
genomeChrBinNbits                 18
genomeSAsparseD                   1
genomeSuffixLengthMax             18446744073709551615
readFilesIn                       ../Tutorial/Drosophila/SRR5234240/N21200000X21299999/SRR5234240.fasta   
readFilesCommand                  -   
readMatesLengthsIn                NotEqual
readMapNumber                     18446744073709551615
readNameSeparator                 /   
inputBAMfile                      -
bamRemoveDuplicatesType           -
bamRemoveDuplicatesMate2basesN    0
limitGenomeGenerateRAM            31000000000
limitIObufferSize                 150000000
limitOutSAMoneReadBytes           100000
limitOutSJcollapsed               1000000
limitOutSJoneRead                 1000
limitBAMsortRAM                   0
limitSjdbInsertNsj                1000000
outFileNamePrefix                 ../Tutorial/Drosophila/SRR5234240/N21200000X21299999/
outTmpDir                         -
outStd                            Log
outReadsUnmapped                  None
outQSconversionAdd                0
outMultimapperOrder               Old_2.4
outSAMtype                        SAM   
outSAMmode                        Full
outSAMstrandField                 None
outSAMattributes                  Standard   
outSAMunmapped                    None   
outSAMorder                       Paired
outSAMprimaryFlag                 OneBestScore
outSAMreadID                      Standard
outSAMmapqUnique                  255
outSAMflagOR                      0
outSAMflagAND                     65535
outSAMattrRGline                  -   
outSAMheaderHD                    -   
outSAMheaderPG                    -   
outSAMheaderCommentFile           -
outBAMcompression                 1
outBAMsortingThreadN              0
outSAMfilter                      None   
outSAMmultNmax                    18446744073709551615
outSAMattrIHstart                 1
outSJfilterReads                  All
outSJfilterCountUniqueMin         3   1   1   1   
outSJfilterCountTotalMin          3   1   1   1   
outSJfilterOverhangMin            30   12   12   12   
outSJfilterDistToOtherSJmin       10   0   5   10   
outSJfilterIntronMaxVsReadN       50000   100000   200000   
outWigType                        None   
outWigStrand                      Stranded   
outWigReferencesPrefix            -
outWigNorm                        RPM   
outFilterType                     Normal
outFilterMultimapNmax             10
outFilterMultimapScoreRange       1
outFilterScoreMin                 0
outFilterScoreMinOverLread        0.66
outFilterMatchNmin                0
outFilterMatchNminOverLread       0.66
outFilterMismatchNmax             10
outFilterMismatchNoverLmax        0.3
outFilterMismatchNoverReadLmax    1
outFilterIntronMotifs             None
clip5pNbases                      0   
clip3pNbases                      0   
clip3pAfterAdapterNbases          0   
clip3pAdapterSeq                  -   
clip3pAdapterMMp                  0.1   
winBinNbits                       16
winAnchorDistNbins                9
winFlankNbins                     4
winAnchorMultimapNmax             50
scoreGap                          0
scoreGapNoncan                    -8
scoreGapGCAG                      -4
scoreGapATAC                      -8
scoreStitchSJshift                1
scoreGenomicLengthLog2scale       -0.25
scoreDelBase                      -2
scoreDelOpen                      -2
scoreInsOpen                      -2
scoreInsBase                      -2
seedSearchLmax                    0
seedSearchStartLmax               50
seedSearchStartLmaxOverLread      1
seedPerReadNmax                   1000
seedPerWindowNmax                 50
seedNoneLociPerWindow             10
seedMultimapNmax                  10000
alignIntronMin                    21
alignIntronMax                    0
alignMatesGapMax                  0
alignTranscriptsPerReadNmax       10000
alignSJoverhangMin                5
alignSJDBoverhangMin              3
alignSJstitchMismatchNmax         0   -1   0   0   
alignSplicedMateMapLmin           0
alignSplicedMateMapLminOverLmate    0.66
alignWindowsPerReadNmax           10000
alignTranscriptsPerWindowNmax     100
alignEndsType                     Local
alignSoftClipAtReferenceEnds      Yes
chimSegmentMin                    0
chimScoreMin                      0
chimScoreDropMax                  20
chimScoreSeparation               10
chimScoreJunctionNonGTAG          -1
chimJunctionOverhangMin           20
chimOutType                       SeparateSAMold
chimFilter                        banGenomicN   
chimSegmentReadGapMax             0
sjdbFileChrStartEnd               -   
sjdbGTFfile                       -
sjdbGTFchrPrefix                  -
sjdbGTFfeatureExon                exon
sjdbGTFtagExonParentTranscript    transcript_id
sjdbGTFtagExonParentGene          gene_id
sjdbOverhang                      100
sjdbScore                         2
sjdbInsertSave                    Basic
quantMode                         -   
quantTranscriptomeBAMcompression    1
quantTranscriptomeBan             IndelSoftclipSingleend
twopass1readsN                    18446744073709551615
twopassMode                       None
----------------------------------------

Finished loading and checking parameters
Reading genome generation parameters:
versionGenome                 20201        ~RE-DEFINED
genomeFastaFiles              /home/willy/Uni/5.Semester/Bachelorarbeit/txome-sample/dmel/genome/dmel-all-chromosome-r6.07.fasta        ~RE-DEFINED
genomeSAindexNbases           14     ~RE-DEFINED
genomeChrBinNbits             18     ~RE-DEFINED
genomeSAsparseD               1     ~RE-DEFINED
sjdbOverhang                  0     ~RE-DEFINED
sjdbFileChrStartEnd           -        ~RE-DEFINED
sjdbGTFfile                   -     ~RE-DEFINED
sjdbGTFchrPrefix              -     ~RE-DEFINED
sjdbGTFfeatureExon            exon     ~RE-DEFINED
sjdbGTFtagExonParentTranscripttranscript_id     ~RE-DEFINED
sjdbGTFtagExonParentGene      gene_id     ~RE-DEFINED
sjdbInsertSave                Basic     ~RE-DEFINED
Genome version is compatible with current STAR version
Number of real (reference) chromosmes= 1870
1	211000022279114	14983	0
2	211000022280270	13108	262144
3	211000022280187	13079	524288
4	211000022280742	12513	786432
5	211000022280763	12001	1048576
6	211000022280476	6900	1310720
7	211000022280437	5968	1572864
8	211000022278493	2442	1835008
9	211000022278317	1970	2097152
10	3Cen_mapped_Scaffold_50_D1686	23238	2359296
11	Unmapped_Scaffold_54_D1776	12632	2621440
12	211000022278096	1148	2883584
13	211000022278415	25840	3145728
14	211000022278676	1378	3407872
15	211000022279156	1227	3670016
16	211000022278926	4465	3932160
17	211000022279576	1117	4194304
18	211000022280046	6062	4456448
19	211000022280126	1225	4718592
20	211000022280446	3970	4980736
21	211000022280596	13501	5242880
22	211000022278106	1058	5505024
23	211000022278343	2113	5767168
24	211000022278136	1232	6029312
25	211000022278166	1178	6291456
26	211000022279735	7722	6553600
27	211000022278216	2076	6815744
28	211000022278176	1571	7077888
29	211000022278498	13940	7340032
30	211000022278578	2412	7602176
31	211000022278196	1214	7864320
32	211000022278206	2090	8126464
33	211000022278256	1380	8388608
34	211000022278276	1063	8650752
35	211000022278888	2200	8912896
36	211000022278286	1446	9175040
37	211000022278296	1163	9437184
38	211000022278396	3553	9699328
39	211000022278049	27456	9961472
40	211000022280269	1962	10223616
41	211000022278406	1926	10485760
42	211000022278608	2201	10747904
43	211000022278416	1157	11010048
44	211000022278426	2636	11272192
45	211000022278446	1945	11534336
46	211000022278306	1710	11796480
47	211000022280176	2129	12058624
48	211000022278356	1272	12320768
49	211000022279756	2117	12582912
50	211000022278366	1416	12845056
51	211000022278376	1594	13107200
52	211000022278185	12681	13369344
53	211000022278386	1029	13631488
54	211000022279898	2516	13893632
55	211000022280008	3209	14155776
56	211000022279856	1261	14417920
57	211000022278456	1475	14680064
58	211000022278526	1067	14942208
59	3Cen_mapped_Scaffold_31_D1643_D1653_D1791	87365	15204352
60	211000022278536	2304	15466496
61	211000022278546	2668	15728640
62	211000022278576	1001	15990784
63	211000022278686	11126	16252928
64	211000022280655	5952	16515072
65	211000022278716	2383	16777216
66	211000022278776	1076	17039360
67	3Cen_mapped_Scaffold_36_D1605	36913	17301504
68	211000022278786	1504	17563648
69	211000022278946	1158	17825792
70	211000022278853	2166	18087936
71	211000022278966	4225	18350080
72	211000022278996	1043	18612224
73	211000022279016	1001	18874368
74	211000022279056	2547	19136512
75	211000022279126	2487	19398656
76	211000022278032	6936	19660800
77	211000022279726	1154	19922944
78	211000022279246	1538	20185088
79	211000022279336	1094	20447232
80	211000022279356	1031	20709376
81	211000022279396	4370	20971520
82	211000022279406	1186	21233664
83	211000022279634	5281	21495808
84	211000022279416	2795	21757952
85	211000022279436	2421	22020096
86	211000022279456	12095	22282240
87	3Cen_mapped_Scaffold_41_D1641	22604	22544384
88	Unmapped_Scaffold_4_D1555_D1692	86267	22806528
89	211000022279476	2187	23068672
90	211000022279506	1053	23330816
91	211000022279516	1323	23592960
92	211000022279526	1023	23855104
93	211000022279606	3284	24117248
94	211000022279626	1016	24379392
95	211000022279656	1274	24641536
96	211000022279666	1115	24903680
97	211000022279696	1464	25165824
98	211000022278908	2389	25427968
99	211000022279446	13234	25690112
100	211000022279676	12187	25952256
101	211000022279955	5555	26214400
102	211000022279736	1016	26476544
103	211000022280156	3519	26738688
104	211000022279896	1703	27000832
105	211000022279906	1033	27262976
106	211000022279926	1279	27525120
107	211000022279946	1011	27787264
108	211000022279956	1171	28049408
109	Unmapped_Scaffold_8_D1580_D1567	88768	28311552
110	211000022279966	2326	28573696
111	211000022280026	3622	28835840
112	211000022280056	1152	29097984
113	211000022280076	1193	29360128
114	211000022280086	2982	29622272
115	211000022279268	1961	29884416
116	211000022280106	1150	30146560
117	211000022280196	1555	30408704
118	211000022280206	1339	30670848
119	211000022278217	14687	30932992
120	211000022280226	1625	31195136
121	211000022280042	13394	31457280
122	211000022280256	1096	31719424
123	211000022280266	1028	31981568
124	211000022280296	3252	32243712
125	211000022280316	2926	32505856
126	211000022278726	1645	32768000
127	211000022280676	1385	33030144
128	211000022280241	5387	33292288
129	211000022280436	2848	33554432
130	211000022280326	1801	33816576
131	211000022280336	1406	34078720
132	211000022280346	1386	34340864
133	211000022280456	3171	34603008
134	211000022278549	11743	34865152
135	211000022280696	2577	35127296
136	211000022280516	4336	35389440
137	211000022280536	2924	35651584
138	211000022280556	3386	35913728
139	211000022280566	3389	36175872
140	211000022278556	5323	36438016
141	211000022280606	3660	36700160
142	211000022280706	1410	36962304
143	211000022278866	1566	37224448
144	211000022278886	1114	37486592
145	211000022279106	1316	37748736
146	211000022279286	1048	38010880
147	211000022280594	2009	38273024
148	211000022278236	1092	38535168
149	211000022278326	1097	38797312
150	211000022278816	1741	39059456
151	211000022278346	1899	39321600
152	211000022278466	1195	39583744
153	211000022280612	1936	39845888
154	211000022278164	3073	40108032
155	211000022279096	2060	40370176
156	211000022278476	1355	40632320
157	211000022278653	14006	40894464
158	211000022278486	1084	41156608
159	211000022278516	1133	41418752
160	211000022278596	1036	41680896
161	211000022278626	1018	41943040
162	211000022280466	5232	42205184
163	211000022278636	1865	42467328
164	211000022278646	1408	42729472
165	211000022278826	1895	42991616
166	211000022278836	1380	43253760
167	211000022278856	1271	43515904
168	211000022280586	2439	43778048
169	211000022278860	2253	44040192
170	211000022278876	1813	44302336
171	211000022278896	3523	44564480
172	211000022278906	1131	44826624
173	211000022278976	1980	45088768
174	211000022279006	1163	45350912
175	211000022279486	1068	45613056
176	211000022279066	1489	45875200
177	211000022279076	1573	46137344
178	211000022279086	1049	46399488
179	211000022279296	1747	46661632
180	211000022279306	1063	46923776
181	211000022278916	12399	47185920
182	211000022279316	1623	47448064
183	211000022279536	1186	47710208
184	211000022279686	1534	47972352
185	211000022279836	11522	48234496
186	211000022279846	1798	48496640
187	211000022280016	4072	48758784
188	211000022278858	2435	49020928
189	211000022278765	4400	49283072
190	211000022278436	2815	49545216
191	211000022278586	2799	49807360
192	211000022278736	1116	50069504
193	211000022278756	1260	50331648
194	211000022278936	1142	50593792
195	211000022278956	1041	50855936
196	211000022279026	1712	51118080
197	211000022279046	2642	51380224
198	211000022279186	3102	51642368
199	211000022279236	1110	51904512
200	211000022279266	1166	52166656
201	211000022278711	2084	52428800
202	211000022279688	5520	52690944
203	211000022279496	1270	52953088
204	211000022279546	1116	53215232
205	211000022279586	1098	53477376
206	211000022279646	1010	53739520
207	211000022279876	1440	54001664
208	211000022279936	1690	54263808
209	211000022279986	1163	54525952
210	211000022280116	1383	54788096
211	211000022280686	2922	55050240
212	211000022278974	14199	55312384
213	211000022279514	2220	55574528
214	211000022280735	6860	55836672
215	XY_mapped_Scaffold_7_D1574	50625	56098816
216	211000022278226	2078	56360960
217	211000022278581	3010	56623104
218	211000022279146	12856	56885248
219	211000022279257	5360	57147392
220	211000022279380	5465	57409536
221	211000022279420	12654	57671680
222	211000022279503	12536	57933824
223	211000022279523	11807	58195968
224	211000022279559	5189	58458112
225	211000022279637	12142	58720256
226	211000022279829	12424	58982400
227	211000022279884	5915	59244544
228	211000022279892	13553	59506688
229	211000022279092	2322	59768832
230	211000022280233	4865	60030976
231	211000022280259	13935	60293120
232	211000022280445	4903	60555264
233	211000022280447	6698	60817408
234	211000022280465	7123	61079552
235	211000022280518	6041	61341696
236	211000022280519	6193	61603840
237	211000022280541	14028	61865984
238	211000022280615	5000	62128128
239	211000022280637	5316	62390272
240	211000022280656	5324	62652416
241	211000022280699	6825	62914560
242	211000022280727	5383	63176704
243	211000022280734	7003	63438848
244	211000022280668	3498	63700992
245	211000022278840	2096	63963136
246	211000022280427	564	64225280
247	211000022280577	3013	64487424
248	211000022280720	5061	64749568
249	211000022278489	2557	65011712
250	211000022279883	5057	65273856
251	211000022280459	5098	65536000
252	211000022280461	4996	65798144
253	211000022278462	1902	66060288
254	211000022280462	5772	66322432
255	Unmapped_Scaffold_11_D1754	36482	66584576
256	211000022279370	3622	66846720
257	211000022280295	3348	67108864
258	211000022280289	2375	67371008
259	Unmapped_Scaffold_13_D1782	25537	67633152
260	211000022280568	2234	67895296
261	211000022279942	2079	68157440
262	211000022278823	2283	68419584
263	211000022278821	2823	68681728
264	211000022278812	1916	68943872
265	211000022278695	2035	69206016
266	211000022278627	1928	69468160
267	211000022278612	2273	69730304
268	211000022278557	2293	69992448
269	211000022278365	1920	70254592
270	211000022278359	2192	70516736
271	211000022278353	2114	70778880
272	211000022278316	2639	71041024
273	211000022279276	15522	71303168
274	211000022278611	3648	71565312
275	211000022279070	2447	71827456
276	211000022278890	1926	72089600
277	211000022278528	1962	72351744
278	211000022278506	2059	72613888
279	211000022278399	11951	72876032
280	211000022278254	2006	73138176
281	211000022278178	2266	73400320
282	211000022279556	13256	73662464
283	211000022279479	2248	73924608
284	211000022279366	1924	74186752
285	211000022279719	13455	74448896
286	211000022280761	18299	74711040
287	211000022280328	14098	74973184
288	rDNA	76973	75235328
289	Unmapped_Scaffold_44_D1670	25698	75497472
290	X	23542271	75759616
291	211000022278712	5060	99352576
292	211000022278588	1030	99614720
293	211000022280551	3737	99876864
294	211000022280503	4701	100139008
295	211000022280105	3277	100401152
296	211000022280070	2108	100663296
297	211000022279711	2438	100925440
298	211000022279539	6237	101187584
299	211000022279521	2795	101449728
300	211000022279463	4381	101711872
301	211000022279372	3913	101974016
302	211000022279308	1019	102236160
303	211000022279157	2670	102498304
304	211000022279116	2529	102760448
305	211000022279715	2060	103022592
306	211000022279563	5832	103284736
307	211000022279245	1933	103546880
308	211000022279062	2505	103809024
309	211000022279009	13549	104071168
310	211000022278831	2520	104333312
311	211000022278229	1956	104595456
312	211000022280517	5463	104857600
313	211000022280750	9865	105119744
314	211000022280633	2328	105381888
315	211000022280112	2603	105644032
316	211000022279879	6396	105906176
317	211000022278643	1935	106168320
318	211000022278513	2228	106430464
319	211000022278319	1947	106692608
320	211000022279189	11958	106954752
321	211000022279177	6076	107216896
322	211000022279094	13317	107479040
323	211000022280236	6294	107741184
324	211000022280237	15068	108003328
325	211000022278215	8346	108265472
326	211000022279449	4815	108527616
327	211000022279866	2470	108789760
328	211000022279746	2793	109051904
329	211000022279376	2046	109314048
330	211000022279850	2431	109576192
331	211000022280128	4378	109838336
332	211000022280227	2860	110100480
333	211000022280533	3402	110362624
334	Y_mapped_Scaffold_20_D1762_D1719	39041	110624768
335	Y_mapped_Scaffold_21_D1683_D1693	34359	110886912
336	Y_mapped_Scaffold_23_D1638	31460	111149056
337	Y_mapped_Scaffold_26_D1717	21921	111411200
338	Y_mapped_Scaffold_30_D1720	25805	111673344
339	Y_mapped_Scaffold_34_D1584	24380	111935488
340	211000022278033	1143	112197632
341	211000022278170	1160	112459776
342	211000022279353	1006	112721920
343	211000022279488	2911	112984064
344	211000022278260	1061	113246208
345	211000022279573	2520	113508352
346	211000022278123	1126	113770496
347	211000022278127	1343	114032640
348	Unmapped_Scaffold_17_D1756_D1775	62570	114294784
349	Unmapped_Scaffold_22_D1753	45120	114556928
350	211000022278174	1153	114819072
351	211000022278179	1001	115081216
352	211000022278207	1025	115343360
353	211000022278273	12027	115605504
354	211000022278412	1126	115867648
355	211000022279018	6860	116129792
356	211000022279130	1990	116391936
357	211000022280198	2612	116654080
358	211000022278645	2689	116916224
359	Unmapped_Scaffold_24_D1707	22882	117178368
360	Unmapped_Scaffold_28_D1723	46986	117440512
361	211000022278807	1139	117702656
362	211000022278884	1027	117964800
363	211000022278977	1131	118226944
364	211000022279000	2394	118489088
365	211000022279151	1090	118751232
366	211000022279217	1966	119013376
367	211000022279247	2382	119275520
368	Unmapped_Scaffold_29_D1705	37106	119537664
369	211000022279262	1022	119799808
370	211000022279284	3196	120061952
371	211000022278431	2089	120324096
372	211000022278460	1944	120586240
373	211000022278461	2209	120848384
374	211000022278463	2841	121110528
375	211000022279063	2094	121372672
376	211000022278464	2087	121634816
377	211000022278488	1007	121896960
378	211000022278616	2161	122159104
379	Unmapped_Scaffold_32_D1773	16157	122421248
380	211000022278669	1023	122683392
381	211000022278775	2177	122945536
382	211000022278818	1037	123207680
383	211000022278820	1993	123469824
384	211000022279792	1014	123731968
385	211000022278732	2617	123994112
386	211000022279851	1976	124256256
387	211000022279118	2198	124518400
388	211000022279889	1966	124780544
389	211000022279960	2400	125042688
390	211000022279980	2476	125304832
391	211000022280002	4231	125566976
392	211000022280028	1943	125829120
393	211000022280033	2479	126091264
394	211000022279373	2536	126353408
395	211000022280084	1079	126615552
396	211000022280153	2198	126877696
397	Unmapped_Scaffold_35_D1599	57785	127139840
398	211000022280272	2893	127401984
399	211000022280470	3582	127664128
400	211000022280622	1916	127926272
401	211000022280642	2830	128188416
402	211000022278201	1101	128450560
403	211000022278538	1035	128712704
404	211000022278710	1020	128974848
405	211000022278233	1978	129236992
406	211000022278297	1220	129499136
407	211000022280331	1110	129761280
408	211000022280548	2618	130023424
409	211000022280554	3365	130285568
410	211000022280631	2119	130547712
411	211000022278522	2086	130809856
412	211000022279190	2575	131072000
413	Unmapped_Scaffold_37_D1608	20763	131334144
414	Unmapped_Scaffold_38_D1625	28305	131596288
415	211000022279571	1962	131858432
416	211000022280500	2157	132120576
417	211000022278225	2432	132382720
418	211000022278844	2363	132644864
419	211000022279084	2132	132907008
420	211000022279287	2751	133169152
421	211000022279291	1051	133431296
422	211000022280621	2216	133693440
423	211000022279117	1029	133955584
424	211000022279302	1209	134217728
425	211000022279832	1100	134479872
426	211000022279902	2475	134742016
427	211000022279917	2635	135004160
428	211000022279391	1136	135266304
429	211000022278933	1129	135528448
430	211000022280643	2425	135790592
431	211000022279139	1849	136052736
432	211000022279147	5891	136314880
433	211000022279148	1146	136577024
434	211000022279155	1076	136839168
435	211000022279158	1900	137101312
436	211000022279540	1487	137363456
437	Unmapped_Scaffold_45_D1673	29583	137625600
438	211000022279159	1747	137887744
439	211000022279191	2549	138149888
440	211000022279265	3197	138412032
441	211000022279309	1156	138674176
442	211000022279310	2103	138936320
443	211000022279371	1375	139198464
444	211000022279389	4436	139460608
445	211000022279480	1208	139722752
446	211000022279522	1445	139984896
447	211000022279538	1863	140247040
448	211000022278650	1007	140509184
449	211000022279575	1696	140771328
450	211000022279578	1083	141033472
451	211000022279613	3503	141295616
452	211000022279645	1227	141557760
453	2R2_mapped_Scaffold_56_D1828	13157	141819904
454	3Cen_mapped_Scaffold_1_D1896_D1895	76224	142082048
455	211000022279647	1219	142344192
456	Unmapped_Scaffold_46_D1675	25560	142606336
457	211000022279691	1577	142868480
458	211000022279692	1286	143130624
459	211000022279693	1014	143392768
460	211000022279694	1391	143654912
461	211000022279695	8007	143917056
462	211000022280051	1086	144179200
463	211000022279699	1294	144441344
464	211000022279700	3157	144703488
465	211000022279743	3806	144965632
466	211000022279744	1133	145227776
467	211000022279745	1806	145489920
468	211000022279849	2510	145752064
469	211000022280015	4820	146014208
470	211000022280037	2928	146276352
471	211000022279858	1776	146538496
472	211000022279869	9341	146800640
473	211000022279872	1218	147062784
474	211000022279948	2796	147324928
475	211000022279953	3227	147587072
476	211000022279964	2822	147849216
477	211000022280058	2325	148111360
478	211000022280080	3044	148373504
479	211000022280081	1219	148635648
480	211000022280093	3009	148897792
481	211000022280098	4081	149159936
482	211000022280127	3553	149422080
483	211000022280131	1586	149684224
484	211000022280137	2611	149946368
485	211000022280149	1048	150208512
486	211000022280202	4273	150470656
487	211000022280214	2794	150732800
488	211000022280251	2914	150994944
489	211000022280284	2644	151257088
490	211000022280314	1209	151519232
491	3Cen_mapped_Scaffold_27_D1777	11983	151781376
492	211000022280473	4289	152043520
493	211000022280490	7314	152305664
494	211000022280498	3818	152567808
495	211000022280508	4182	152829952
496	211000022280520	2577	153092096
497	211000022280524	3268	153354240
498	211000022280560	4135	153616384
499	211000022280564	3302	153878528
500	211000022278592	1081	154140672
501	211000022278593	1391	154402816
502	211000022278594	1502	154664960
503	211000022278641	1047	154927104
504	211000022278597	1567	155189248
505	211000022278599	1042	155451392
506	211000022278600	1072	155713536
507	211000022278602	3681	155975680
508	211000022278604	1280	156237824
509	211000022278678	1966	156499968
510	211000022278651	1222	156762112
511	211000022278652	2185	157024256
512	211000022278668	1190	157286400
513	211000022278675	3950	157548544
514	211000022278680	1030	157810688
515	2L	23513712	158072832
516	2R	25286936	181665792
517	3L	28110227	207093760
518	3R	32079331	235405312
519	4	1348131	267649024
520	Y	3667352	269221888
521	2Cen_mapped_Scaffold_10_D1684	19956	272891904
522	2Cen_mapped_Scaffold_43_D1668	44411	273154048
523	Unmapped_Scaffold_48_D1678	26115	273416192
524	Unmapped_Scaffold_51_D1697	13455	273678336
525	Unmapped_Scaffold_52_D1739	43383	273940480
526	Unmapped_Scaffold_58_D1862	10091	274202624
527	Unmapped_Scaffold_60_D1601	24503	274464768
528	211000022278279	12714	274726912
529	X3X4_mapped_Scaffold_6_D1712	33320	274989056
530	X3X4_mapped_Scaffold_14_D1732	27447	275251200
531	XY_mapped_Scaffold_42_D1648	47411	275513344
532	Y_mapped_Scaffold_5_D1748_D1610	73091	275775488
533	Y_mapped_Scaffold_9_D1573	66731	276037632
534	Y_mapped_Scaffold_12_D1771	66439	276299776
535	Y_mapped_Scaffold_15_D1727	33316	276561920
536	Y_mapped_Scaffold_18_D1698	34521	276824064
537	Y_mapped_Scaffold_53_D1765	44104	277086208
538	211000022280589	4933	277348352
539	211000022279762	11498	277610496
540	211000022278089	4222	277872640
541	211000022280772	15417	278134784
542	211000022278224	1650	278396928
543	211000022278269	11430	278659072
544	211000022278354	21074	278921216
545	211000022278391	1152	279183360
546	211000022280653	4150	279445504
547	211000022280654	3574	279707648
548	211000022280688	1153	279969792
549	211000022280659	14503	280231936
550	211000022279579	13416	280494080
551	211000022279098	12368	280756224
552	211000022278031	1021	281018368
553	211000022278098	2820	281280512
554	211000022278038	1395	281542656
555	211000022278047	2020	281804800
556	211000022278072	1127	282066944
557	211000022278074	1003	282329088
558	211000022278090	1097	282591232
559	211000022278091	1185	282853376
560	211000022278100	3924	283115520
561	211000022279288	2858	283377664
562	211000022279289	1022	283639808
563	211000022279311	2790	283901952
564	211000022279317	1178	284164096
565	211000022279358	1185	284426240
566	211000022279318	1287	284688384
567	211000022279324	1369	284950528
568	211000022279325	1114	285212672
569	211000022279329	1041	285474816
570	211000022279337	1734	285736960
571	211000022279343	1315	285999104
572	211000022279345	12459	286261248
573	211000022279351	1026	286523392
574	211000022279354	1304	286785536
575	211000022279355	1105	287047680
576	211000022279359	1105	287309824
577	211000022279360	1173	287571968
578	211000022279361	1142	287834112
579	211000022279362	1311	288096256
580	211000022279365	1356	288358400
581	211000022279612	2328	288620544
582	211000022279369	1080	288882688
583	211000022279374	1088	289144832
584	211000022279375	1179	289406976
585	211000022279378	1271	289669120
586	211000022279384	1005	289931264
587	211000022279393	1377	290193408
588	211000022279394	3201	290455552
589	211000022279400	1118	290717696
590	211000022279405	1066	290979840
591	211000022279409	1004	291241984
592	211000022279411	1278	291504128
593	211000022279412	1235	291766272
594	211000022279413	1202	292028416
595	211000022279414	1108	292290560
596	211000022279415	1347	292552704
597	211000022279417	1233	292814848
598	211000022279430	1070	293076992
599	211000022279418	1139	293339136
600	211000022279421	1339	293601280
601	211000022279422	1139	293863424
602	211000022279423	11220	294125568
603	211000022279424	1049	294387712
604	211000022279425	1203	294649856
605	211000022279533	1088	294912000
606	211000022279431	3434	295174144
607	211000022279433	1377	295436288
608	211000022279441	1266	295698432
609	211000022279442	2922	295960576
610	211000022279443	1039	296222720
611	211000022278271	1974	296484864
612	211000022279444	1193	296747008
613	211000022279445	1203	297009152
614	211000022279448	1156	297271296
615	211000022279453	4888	297533440
616	211000022279454	1408	297795584
617	211000022279462	1197	298057728
618	211000022280626	2419	298319872
619	211000022279464	1411	298582016
620	211000022279469	1154	298844160
621	211000022279470	2105	299106304
622	211000022279473	1901	299368448
623	211000022279474	1154	299630592
624	211000022279477	3716	299892736
625	211000022279481	1770	300154880
626	211000022279483	2574	300417024
627	211000022279487	1151	300679168
628	211000022279490	1685	300941312
629	211000022279493	1118	301203456
630	211000022279498	1192	301465600
631	211000022279507	1422	301727744
632	211000022279509	1461	301989888
633	211000022279510	1107	302252032
634	211000022279513	2556	302514176
635	211000022279527	2787	302776320
636	211000022279549	1166	303038464
637	211000022279551	1087	303300608
638	211000022279554	1212	303562752
639	211000022279562	2736	303824896
640	211000022279564	1126	304087040
641	211000022279569	1083	304349184
642	211000022279572	1053	304611328
643	211000022279574	1854	304873472
644	211000022279580	1285	305135616
645	211000022279584	1063	305397760
646	211000022278172	2464	305659904
647	211000022279609	1015	305922048
648	211000022279590	1224	306184192
649	211000022279591	1205	306446336
650	211000022279592	1069	306708480
651	211000022279593	1379	306970624
652	211000022279599	1032	307232768
653	211000022279603	1140	307494912
654	211000022278114	2665	307757056
655	211000022278119	1163	308019200
656	211000022278120	2008	308281344
657	211000022278132	1714	308543488
658	211000022278134	1152	308805632
659	211000022278137	1004	309067776
660	211000022278138	2088	309329920
661	211000022278139	1432	309592064
662	211000022278140	1132	309854208
663	211000022278143	1140	310116352
664	211000022278257	1115	310378496
665	211000022278144	1330	310640640
666	211000022278145	1123	310902784
667	211000022278151	1334	311164928
668	211000022278152	1006	311427072
669	211000022278157	1346	311689216
670	211000022278158	1036	311951360
671	211000022278167	1404	312213504
672	211000022278182	1504	312475648
673	211000022278184	1160	312737792
674	211000022278191	1148	312999936
675	211000022278194	1315	313262080
676	211000022279305	2109	313524224
677	211000022278195	3806	313786368
678	211000022278197	1099	314048512
679	211000022278199	1052	314310656
680	211000022278200	1112	314572800
681	211000022278202	1184	314834944
682	211000022278253	1063	315097088
683	211000022278203	3463	315359232
684	211000022278204	1310	315621376
685	211000022278210	1508	315883520
686	211000022278211	1956	316145664
687	211000022278212	1337	316407808
688	211000022279332	2044	316669952
689	211000022278219	3162	316932096
690	211000022278221	1135	317194240
691	211000022278223	1086	317456384
692	211000022278240	1045	317718528
693	211000022278244	1540	317980672
694	211000022278248	1114	318242816
695	211000022278258	1013	318504960
696	211000022278262	1436	318767104
697	211000022278263	1144	319029248
698	211000022278265	1178	319291392
699	211000022278267	1163	319553536
700	211000022278272	1010	319815680
701	211000022278274	1893	320077824
702	211000022278280	3089	320339968
703	211000022278281	1259	320602112
704	211000022278282	2511	320864256
705	211000022278283	1155	321126400
706	211000022278452	2575	321388544
707	211000022278285	1107	321650688
708	211000022278287	1020	321912832
709	211000022278290	1195	322174976
710	211000022278291	1038	322437120
711	211000022278294	1138	322699264
712	211000022278295	1154	322961408
713	211000022278301	1078	323223552
714	211000022278302	1262	323485696
715	211000022278304	1928	323747840
716	211000022278311	1071	324009984
717	211000022278312	3458	324272128
718	211000022278313	1162	324534272
719	211000022278327	2576	324796416
720	211000022278328	1123	325058560
721	211000022278333	1136	325320704
722	211000022278334	1552	325582848
723	211000022278335	2390	325844992
724	211000022278345	1105	326107136
725	211000022278348	1277	326369280
726	211000022278349	1088	326631424
727	211000022278351	4183	326893568
728	211000022278357	1051	327155712
729	211000022278362	1998	327417856
730	211000022278369	1234	327680000
731	211000022278370	1189	327942144
732	211000022278371	1078	328204288
733	211000022278372	4163	328466432
734	211000022278377	1025	328728576
735	211000022278378	2905	328990720
736	211000022278384	1001	329252864
737	211000022278385	1062	329515008
738	211000022278387	2354	329777152
739	211000022278388	1732	330039296
740	211000022278390	11985	330301440
741	211000022278392	3650	330563584
742	211000022278395	2999	330825728
743	211000022278398	3100	331087872
744	211000022278401	1147	331350016
745	211000022278403	1159	331612160
746	211000022278404	2849	331874304
747	211000022278407	1190	332136448
748	211000022278409	1206	332398592
749	211000022278410	1050	332660736
750	211000022278413	1366	332922880
751	211000022278419	1051	333185024
752	211000022278420	1416	333447168
753	211000022278421	2697	333709312
754	211000022278423	1165	333971456
755	211000022278894	1303	334233600
756	211000022278978	12424	334495744
757	211000022279169	3120	334757888
758	211000022279344	4573	335020032
759	211000022278673	1165	335282176
760	211000022279450	1719	335544320
761	211000022279594	12148	335806464
762	211000022280087	4986	336068608
763	211000022280171	2784	336330752
764	211000022280583	5026	336592896
765	211000022280652	4581	336855040
766	211000022278095	1008	337117184
767	211000022278171	1193	337379328
768	211000022278521	1549	337641472
769	211000022278535	1045	337903616
770	211000022279689	2289	338165760
771	211000022278859	1081	338427904
772	211000022278889	1262	338690048
773	211000022279011	2291	338952192
774	211000022279095	1189	339214336
775	211000022279097	1832	339476480
776	211000022280062	2603	339738624
777	211000022278424	1014	340000768
778	211000022278427	1044	340262912
779	211000022278429	1181	340525056
780	211000022278430	1200	340787200
781	211000022278432	1171	341049344
782	211000022278435	1900	341311488
783	211000022278438	3159	341573632
784	211000022278439	2043	341835776
785	211000022278440	2744	342097920
786	211000022278441	1070	342360064
787	211000022278445	1130	342622208
788	211000022278451	1533	342884352
789	211000022278497	1175	343146496
790	211000022278503	1199	343408640
791	211000022278507	2390	343670784
792	211000022278511	1123	343932928
793	211000022278514	1118	344195072
794	211000022278515	1986	344457216
795	211000022278517	1038	344719360
796	211000022278520	1162	344981504
797	211000022278525	1586	345243648
798	211000022280177	1246	345505792
799	211000022280178	1032	345767936
800	211000022280179	1229	346030080
801	211000022280180	1144	346292224
802	211000022280181	1377	346554368
803	211000022280183	1177	346816512
804	211000022280191	1291	347078656
805	211000022280192	2006	347340800
806	211000022280193	1102	347602944
807	211000022280194	1182	347865088
808	211000022280195	1961	348127232
809	211000022280208	2368	348389376
810	211000022280210	1231	348651520
811	211000022280212	3025	348913664
812	211000022280218	2541	349175808
813	211000022280220	1832	349437952
814	211000022280221	1520	349700096
815	211000022280224	1261	349962240
816	211000022280225	1178	350224384
817	211000022280230	1220	350486528
818	211000022280232	1137	350748672
819	211000022280235	1471	351010816
820	211000022280240	1084	351272960
821	211000022280247	1715	351535104
822	211000022280255	3299	351797248
823	211000022280257	1167	352059392
824	211000022280260	2982	352321536
825	211000022280261	3043	352583680
826	211000022280262	1274	352845824
827	211000022278748	1208	353107968
828	211000022279804	2087	353370112
829	211000022278750	1134	353632256
830	211000022278751	1124	353894400
831	211000022278754	1610	354156544
832	211000022278755	1225	354418688
833	211000022278757	1347	354680832
834	211000022278758	1223	354942976
835	211000022278759	1018	355205120
836	211000022278761	1084	355467264
837	211000022278768	3477	355729408
838	211000022278769	1194	355991552
839	211000022278773	1263	356253696
840	211000022278777	12354	356515840
841	211000022278781	1167	356777984
842	211000022278785	3080	357040128
843	211000022278788	1130	357302272
844	211000022278790	2733	357564416
845	211000022278928	1139	357826560
846	211000022278793	1344	358088704
847	211000022278794	2783	358350848
848	211000022278804	1047	358612992
849	211000022278808	1240	358875136
850	211000022278848	1251	359137280
851	211000022278929	1905	359399424
852	211000022278849	11569	359661568
853	211000022278862	1103	359923712
854	211000022278865	1328	360185856
855	211000022278870	1150	360448000
856	211000022278875	13906	360710144
857	211000022278883	2984	360972288
858	211000022278887	1258	361234432
859	211000022278891	1550	361496576
860	211000022278899	1304	361758720
861	211000022278901	1160	362020864
862	211000022278903	1075	362283008
863	211000022278915	1302	362545152
864	211000022278917	1075	362807296
865	211000022278919	2081	363069440
866	211000022278922	2033	363331584
867	211000022278923	2791	363593728
868	211000022278927	2521	363855872
869	211000022278932	1262	364118016
870	211000022278934	2344	364380160
871	211000022278937	2626	364642304
872	211000022278940	1168	364904448
873	211000022278943	1241	365166592
874	211000022278944	1117	365428736
875	211000022278945	3864	365690880
876	211000022278947	1521	365953024
877	211000022278948	1029	366215168
878	211000022278949	1412	366477312
879	211000022278952	2903	366739456
880	211000022278953	2227	367001600
881	211000022278958	1133	367263744
882	211000022278960	5182	367525888
883	211000022278962	1293	367788032
884	211000022278968	2105	368050176
885	211000022278969	1608	368312320
886	211000022278970	1035	368574464
887	211000022279583	2096	368836608
888	211000022278972	1025	369098752
889	211000022278973	1264	369360896
890	211000022278979	1611	369623040
891	211000022278980	1278	369885184
892	211000022278982	1976	370147328
893	211000022278983	1041	370409472
894	211000022278988	1872	370671616
895	211000022278989	1056	370933760
896	211000022278992	1728	371195904
897	211000022278993	1263	371458048
898	211000022279015	1263	371720192
899	211000022279001	12002	371982336
900	211000022279002	1826	372244480
901	211000022279003	2588	372506624
902	211000022279013	1076	372768768
903	211000022279014	1109	373030912
904	211000022279017	1219	373293056
905	211000022279021	2881	373555200
906	211000022279022	12632	373817344
907	211000022279029	1882	374079488
908	211000022279050	1035	374341632
909	211000022279040	1581	374603776
910	211000022279042	1117	374865920
911	211000022279044	2092	375128064
912	211000022279048	1299	375390208
913	211000022279049	1754	375652352
914	211000022279051	1097	375914496
915	211000022279052	4188	376176640
916	211000022279053	1035	376438784
917	211000022279057	1098	376700928
918	211000022279058	2352	376963072
919	211000022279061	2884	377225216
920	211000022279069	1157	377487360
921	211000022279087	1289	377749504
922	211000022279088	1132	378011648
923	211000022279089	544	378273792
924	211000022279091	4377	378535936
925	211000022279100	1352	378798080
926	211000022279102	1110	379060224
927	211000022279115	1135	379322368
928	211000022279120	1026	379584512
929	211000022279121	1785	379846656
930	211000022279124	1236	380108800
931	211000022279125	1132	380370944
932	211000022279127	1200	380633088
933	211000022279128	1225	380895232
934	211000022279132	1005	381157376
935	211000022279135	1159	381419520
936	211000022279141	1076	381681664
937	211000022279143	1304	381943808
938	211000022279144	1231	382205952
939	211000022279149	1064	382468096
940	211000022279152	1468	382730240
941	211000022279154	1079	382992384
942	211000022278534	1063	383254528
943	211000022279160	1103	383516672
944	211000022279162	1998	383778816
945	211000022279168	1045	384040960
946	211000022279172	1253	384303104
947	211000022279175	1144	384565248
948	211000022279178	2438	384827392
949	211000022279179	3073	385089536
950	211000022279180	1011	385351680
951	211000022279182	1277	385613824
952	211000022279183	1231	385875968
953	211000022279185	1210	386138112
954	211000022279203	1116	386400256
955	211000022279192	1843	386662400
956	211000022279193	2462	386924544
957	211000022279195	1022	387186688
958	211000022279198	2030	387448832
959	211000022279199	1872	387710976
960	211000022279207	1484	387973120
961	211000022279208	1761	388235264
962	211000022279214	2555	388497408
963	211000022279215	1012	388759552
964	211000022279218	1246	389021696
965	211000022279221	1119	389283840
966	211000022279228	1933	389545984
967	211000022279229	3490	389808128
968	211000022279230	1775	390070272
969	211000022279232	1148	390332416
970	211000022279285	1903	390594560
971	211000022279233	2647	390856704
972	211000022279237	2010	391118848
973	211000022279239	2937	391380992
974	211000022279240	1119	391643136
975	211000022279242	1062	391905280
976	211000022279243	3807	392167424
977	211000022279252	1077	392429568
978	211000022279258	1048	392691712
979	211000022279259	2379	392953856
980	211000022279267	1234	393216000
981	211000022279274	1333	393478144
982	211000022279282	1975	393740288
983	211000022279615	1260	394002432
984	211000022279618	1116	394264576
985	211000022279619	1492	394526720
986	211000022279623	2788	394788864
987	211000022279624	1070	395051008
988	211000022278459	1055	395313152
989	211000022278340	1441	395575296
990	211000022278342	1412	395837440
991	211000022278350	1018	396099584
992	211000022278352	1869	396361728
993	211000022278355	1186	396623872
994	211000022278360	1121	396886016
995	211000022278361	3254	397148160
996	211000022278382	1258	397410304
997	211000022278411	1888	397672448
998	211000022278414	1461	397934592
999	211000022278417	1056	398196736
1000	211000022278458	1012	398458880
1001	211000022278465	1813	398721024
1002	211000022278468	1906	398983168
1003	211000022278469	1678	399245312
1004	211000022278470	1327	399507456
1005	211000022278471	1683	399769600
1006	211000022278472	1643	400031744
1007	211000022278473	1743	400293888
1008	211000022278474	1022	400556032
1009	211000022278475	1818	400818176
1010	211000022278477	1159	401080320
1011	211000022278478	1244	401342464
1012	211000022278479	1189	401604608
1013	211000022278480	1927	401866752
1014	211000022278481	1843	402128896
1015	211000022278482	1998	402391040
1016	211000022278483	1011	402653184
1017	211000022278484	1657	402915328
1018	211000022278485	1130	403177472
1019	211000022278487	1295	403439616
1020	211000022278490	2113	403701760
1021	211000022278491	1703	403963904
1022	211000022278638	1019	404226048
1023	211000022278492	1315	404488192
1024	211000022278502	1841	404750336
1025	211000022278505	1240	405012480
1026	211000022278512	1478	405274624
1027	211000022278524	1078	405536768
1028	211000022278544	3206	405798912
1029	211000022278555	2189	406061056
1030	211000022278584	1577	406323200
1031	211000022278607	1296	406585344
1032	211000022278609	1355	406847488
1033	211000022278639	2269	407109632
1034	211000022278610	1174	407371776
1035	211000022278613	1785	407633920
1036	211000022278614	1829	407896064
1037	211000022278615	2637	408158208
1038	211000022278617	1037	408420352
1039	211000022278618	1452	408682496
1040	211000022278619	1986	408944640
1041	211000022278620	1637	409206784
1042	211000022278621	1704	409468928
1043	211000022278622	2500	409731072
1044	211000022278623	1082	409993216
1045	211000022278624	1223	410255360
1046	211000022278625	1818	410517504
1047	211000022278628	2196	410779648
1048	211000022278629	2259	411041792
1049	211000022278630	2641	411303936
1050	211000022278631	1241	411566080
1051	211000022278632	1228	411828224
1052	211000022278633	1787	412090368
1053	211000022278634	1786	412352512
1054	211000022278635	1067	412614656
1055	211000022278637	1221	412876800
1056	211000022278640	1238	413138944
1057	211000022278644	1381	413401088
1058	211000022278647	1051	413663232
1059	211000022278648	2605	413925376
1060	211000022278649	2335	414187520
1061	211000022278654	1233	414449664
1062	211000022278715	1040	414711808
1063	211000022278655	1550	414973952
1064	211000022278670	1622	415236096
1065	211000022278671	1546	415498240
1066	211000022278677	1716	415760384
1067	211000022278690	1452	416022528
1068	211000022278692	1525	416284672
1069	211000022278693	1519	416546816
1070	211000022278694	1891	416808960
1071	211000022278704	1074	417071104
1072	211000022278705	1048	417333248
1073	211000022278724	2904	417595392
1074	211000022278725	1107	417857536
1075	211000022278774	1842	418119680
1076	211000022278810	2307	418381824
1077	211000022278811	1005	418643968
1078	211000022278813	1075	418906112
1079	211000022278814	1238	419168256
1080	211000022278815	1895	419430400
1081	211000022278817	2021	419692544
1082	211000022278819	1775	419954688
1083	211000022278822	1386	420216832
1084	211000022278824	1038	420478976
1085	211000022278825	2147	420741120
1086	211000022279901	1144	421003264
1087	211000022279907	1382	421265408
1088	211000022279908	1037	421527552
1089	211000022279910	1122	421789696
1090	211000022279918	1227	422051840
1091	211000022279932	2206	422313984
1092	211000022279935	1146	422576128
1093	211000022279937	2063	422838272
1094	211000022279663	2124	423100416
1095	211000022279664	1462	423362560
1096	211000022279668	1169	423624704
1097	211000022279671	1532	423886848
1098	211000022279672	1089	424148992
1099	211000022279675	3858	424411136
1100	211000022279682	1224	424673280
1101	211000022279684	1129	424935424
1102	211000022279685	1332	425197568
1103	211000022279710	2517	425459712
1104	211000022279712	1988	425721856
1105	211000022279722	1148	425984000
1106	211000022279723	1290	426246144
1107	211000022279724	1270	426508288
1108	211000022279727	1064	426770432
1109	211000022279728	1234	427032576
1110	211000022279729	1208	427294720
1111	211000022279733	2050	427556864
1112	211000022279737	1384	427819008
1113	211000022279738	1189	428081152
1114	211000022279740	1042	428343296
1115	211000022279741	1016	428605440
1116	211000022279742	1069	428867584
1117	211000022279747	1134	429129728
1118	211000022279748	1430	429391872
1119	211000022279749	1424	429654016
1120	211000022279782	1058	429916160
1121	211000022279750	3871	430178304
1122	211000022279754	12827	430440448
1123	211000022279758	1193	430702592
1124	211000022279761	2957	430964736
1125	211000022279769	1117	431226880
1126	211000022279770	1280	431489024
1127	211000022279771	1043	431751168
1128	211000022279777	3123	432013312
1129	211000022279778	1226	432275456
1130	211000022279780	2428	432537600
1131	211000022279781	1083	432799744
1132	211000022279784	3058	433061888
1133	211000022279787	2308	433324032
1134	211000022279788	1667	433586176
1135	211000022279789	1191	433848320
1136	211000022279793	1451	434110464
1137	211000022279805	1275	434372608
1138	211000022279807	2102	434634752
1139	211000022279809	1021	434896896
1140	211000022279811	1174	435159040
1141	211000022279812	3466	435421184
1142	211000022279814	1055	435683328
1143	211000022278530	1052	435945472
1144	211000022278533	1114	436207616
1145	211000022278537	1090	436469760
1146	211000022278539	1005	436731904
1147	211000022278540	1062	436994048
1148	211000022278541	1033	437256192
1149	211000022278547	1195	437518336
1150	211000022278548	1415	437780480
1151	211000022278550	1466	438042624
1152	211000022278558	1416	438304768
1153	211000022278559	1719	438566912
1154	211000022278568	1432	438829056
1155	211000022278569	1198	439091200
1156	211000022278573	1082	439353344
1157	211000022278574	1297	439615488
1158	211000022278575	1374	439877632
1159	211000022278580	1270	440139776
1160	211000022278582	1229	440401920
1161	211000022278585	1020	440664064
1162	211000022278688	1173	440926208
1163	211000022278689	1373	441188352
1164	211000022278738	2570	441450496
1165	211000022278697	3708	441712640
1166	211000022278699	1063	441974784
1167	211000022278702	1179	442236928
1168	211000022278707	2027	442499072
1169	211000022278708	1161	442761216
1170	211000022278714	1308	443023360
1171	211000022278717	1247	443285504
1172	211000022278718	1006	443547648
1173	211000022278720	1059	443809792
1174	211000022278721	1490	444071936
1175	211000022278723	4295	444334080
1176	211000022278727	1231	444596224
1177	211000022278729	1205	444858368
1178	211000022278730	1074	445120512
1179	211000022278733	1518	445382656
1180	211000022278735	1294	445644800
1181	211000022278740	2491	445906944
1182	211000022278744	2991	446169088
1183	211000022278745	1140	446431232
1184	211000022278747	1120	446693376
1185	211000022280162	1340	446955520
1186	211000022280164	1166	447217664
1187	211000022280165	1005	447479808
1188	211000022280168	1042	447741952
1189	211000022280174	1271	448004096
1190	211000022279819	1207	448266240
1191	211000022279824	1080	448528384
1192	211000022279837	2971	448790528
1193	211000022279839	1610	449052672
1194	211000022279842	1543	449314816
1195	211000022279845	1116	449576960
1196	211000022279853	1205	449839104
1197	211000022279855	4272	450101248
1198	211000022279867	2860	450363392
1199	211000022279871	1337	450625536
1200	211000022279874	1114	450887680
1201	211000022279875	1446	451149824
1202	211000022279877	3373	451411968
1203	211000022279880	1091	451674112
1204	211000022279885	1053	451936256
1205	211000022279887	4310	452198400
1206	211000022279890	1381	452460544
1207	211000022279893	12034	452722688
1208	211000022279904	1467	452984832
1209	211000022279909	2429	453246976
1210	211000022279934	1643	453509120
1211	211000022279940	4361	453771264
1212	211000022279943	1089	454033408
1213	211000022279949	2232	454295552
1214	211000022279952	1059	454557696
1215	211000022279954	1021	454819840
1216	211000022279959	1074	455081984
1217	211000022279961	3557	455344128
1218	211000022279969	1907	455606272
1219	211000022279970	1675	455868416
1220	211000022279971	1819	456130560
1221	211000022279973	2669	456392704
1222	211000022279979	1226	456654848
1223	211000022279982	3218	456916992
1224	211000022279987	1141	457179136
1225	211000022279990	1248	457441280
1226	211000022280000	1109	457703424
1227	211000022280009	1424	457965568
1228	211000022280010	2889	458227712
1229	211000022280011	1029	458489856
1230	211000022280012	2882	458752000
1231	211000022280014	1031	459014144
1232	211000022280018	1142	459276288
1233	211000022280020	1251	459538432
1234	211000022280030	1368	459800576
1235	211000022280069	1048	460062720
1236	211000022280031	1473	460324864
1237	211000022280032	3932	460587008
1238	211000022280035	2943	460849152
1239	211000022280043	1050	461111296
1240	211000022280045	1251	461373440
1241	211000022280050	4608	461635584
1242	211000022280053	1240	461897728
1243	211000022280054	1074	462159872
1244	211000022280064	11148	462422016
1245	211000022280065	1087	462684160
1246	211000022280068	4256	462946304
1247	211000022280071	1377	463208448
1248	211000022280074	1641	463470592
1249	211000022280075	1090	463732736
1250	211000022280079	1101	463994880
1251	211000022280083	1191	464257024
1252	211000022280085	1225	464519168
1253	211000022280089	2628	464781312
1254	211000022280097	1105	465043456
1255	211000022280102	1494	465305600
1256	211000022280108	2664	465567744
1257	211000022280123	1105	465829888
1258	211000022280110	4030	466092032
1259	211000022280114	3080	466354176
1260	211000022280115	3234	466616320
1261	211000022280117	1040	466878464
1262	211000022280120	1201	467140608
1263	211000022280121	1199	467402752
1264	211000022280124	1148	467664896
1265	211000022280130	1147	467927040
1266	211000022280133	2161	468189184
1267	211000022280135	2124	468451328
1268	211000022280139	1225	468713472
1269	211000022280140	1333	468975616
1270	211000022280584	2964	469237760
1271	211000022280141	2584	469499904
1272	211000022280143	2062	469762048
1273	211000022280144	2385	470024192
1274	211000022280150	1102	470286336
1275	211000022280151	2014	470548480
1276	211000022280152	1276	470810624
1277	211000022278802	2477	471072768
1278	211000022280154	1203	471334912
1279	211000022280159	1533	471597056
1280	211000022280160	1716	471859200
1281	211000022280161	1797	472121344
1282	211000022280268	1123	472383488
1283	211000022280283	4305	472645632
1284	211000022280290	1014	472907776
1285	211000022280291	1090	473169920
1286	211000022280292	1560	473432064
1287	211000022280293	1890	473694208
1288	211000022280294	2063	473956352
1289	211000022280297	1597	474218496
1290	211000022280298	1738	474480640
1291	211000022280301	1931	474742784
1292	211000022280302	2385	475004928
1293	211000022280303	1225	475267072
1294	211000022280304	1239	475529216
1295	211000022280305	3964	475791360
1296	211000022280308	1223	476053504
1297	211000022280311	2882	476315648
1298	211000022280312	1116	476577792
1299	211000022280315	1629	476839936
1300	211000022280318	1227	477102080
1301	211000022280319	1190	477364224
1302	211000022280330	2247	477626368
1303	211000022280439	3921	477888512
1304	211000022280442	2210	478150656
1305	211000022280453	2379	478412800
1306	211000022280479	4085	478674944
1307	211000022280495	3730	478937088
1308	211000022280507	2357	479199232
1309	211000022280529	4013	479461376
1310	211000022280526	9368	479723520
1311	211000022280532	3059	479985664
1312	211000022280534	2353	480247808
1313	211000022280537	2819	480509952
1314	211000022280538	3100	480772096
1315	211000022280539	4012	481034240
1316	211000022280542	2996	481296384
1317	211000022280578	3602	481558528
1318	211000022280585	1868	481820672
1319	211000022280587	3123	482082816
1320	211000022280592	2829	482344960
1321	211000022280593	3913	482607104
1322	211000022280597	3473	482869248
1323	211000022280603	3941	483131392
1324	211000022278135	1237	483393536
1325	211000022280620	3603	483655680
1326	211000022280624	4395	483917824
1327	211000022280625	3745	484179968
1328	211000022280628	1903	484442112
1329	211000022278142	1186	484704256
1330	211000022280629	3775	484966400
1331	211000022280639	2910	485228544
1332	211000022280641	3065	485490688
1333	211000022280645	4879	485752832
1334	211000022280649	4917	486014976
1335	211000022280657	1903	486277120
1336	211000022280669	3201	486539264
1337	211000022278743	2521	486801408
1338	211000022278153	1297	487063552
1339	211000022278214	1459	487325696
1340	211000022278218	3213	487587840
1341	211000022278278	2688	487849984
1342	211000022278405	1284	488112128
1343	211000022278418	1282	488374272
1344	211000022278449	1947	488636416
1345	211000022278450	1134	488898560
1346	211000022278495	1001	489160704
1347	211000022278499	1155	489422848
1348	211000022278509	2565	489684992
1349	211000022278510	2473	489947136
1350	211000022278565	1751	490209280
1351	211000022278577	2303	490471424
1352	211000022278601	3537	490733568
1353	211000022278682	1049	490995712
1354	211000022278683	2508	491257856
1355	211000022278684	5984	491520000
1356	211000022278709	1683	491782144
1357	211000022278722	1303	492044288
1358	211000022278734	2762	492306432
1359	211000022278760	1144	492568576
1360	211000022278772	1033	492830720
1361	211000022278787	1063	493092864
1362	211000022278791	1268	493355008
1363	211000022278795	3375	493617152
1364	211000022278798	1224	493879296
1365	211000022278803	1086	494141440
1366	211000022278872	1485	494403584
1367	211000022278873	1109	494665728
1368	211000022279627	1929	494927872
1369	211000022279628	1961	495190016
1370	211000022279631	1185	495452160
1371	211000022279632	1117	495714304
1372	211000022279633	1800	495976448
1373	211000022279635	2385	496238592
1374	211000022279641	2064	496500736
1375	211000022279644	1018	496762880
1376	211000022279648	1209	497025024
1377	211000022279652	1124	497287168
1378	211000022279653	2688	497549312
1379	211000022279654	1995	497811456
1380	211000022279655	1163	498073600
1381	211000022279657	1917	498335744
1382	211000022279659	1103	498597888
1383	211000022279660	1186	498860032
1384	211000022278231	1195	499122176
1385	211000022278232	1541	499384320
1386	211000022278235	2999	499646464
1387	211000022278237	1049	499908608
1388	211000022278249	2259	500170752
1389	211000022278252	1453	500432896
1390	211000022278268	1312	500695040
1391	211000022278277	1869	500957184
1392	211000022278299	2591	501219328
1393	211000022278314	1737	501481472
1394	211000022278315	1560	501743616
1395	211000022278318	1870	502005760
1396	211000022278320	2113	502267904
1397	211000022278321	1964	502530048
1398	211000022278322	1424	502792192
1399	211000022278323	1575	503054336
1400	211000022278324	1283	503316480
1401	211000022278325	1843	503578624
1402	211000022278895	3077	503840768
1403	211000022278935	1222	504102912
1404	211000022278939	1029	504365056
1405	211000022278941	1775	504627200
1406	211000022278959	1126	504889344
1407	211000022278965	1032	505151488
1408	211000022278984	2005	505413632
1409	211000022278987	1129	505675776
1410	211000022278990	1192	505937920
1411	211000022278995	1152	506200064
1412	211000022278997	1443	506462208
1413	211000022279005	1106	506724352
1414	211000022279007	1073	506986496
1415	211000022279025	1690	507248640
1416	211000022279030	3502	507510784
1417	211000022279031	1060	507772928
1418	211000022279034	1059	508035072
1419	211000022279047	1224	508297216
1420	211000022279090	1619	508559360
1421	211000022279104	1890	508821504
1422	211000022279755	2694	509083648
1423	211000022279123	1766	509345792
1424	211000022279137	1064	509607936
1425	211000022279164	1159	509870080
1426	211000022279709	2728	510132224
1427	211000022279725	1243	510394368
1428	211000022279791	1029	510656512
1429	211000022279799	1132	510918656
1430	211000022279800	1131	511180800
1431	211000022279801	1058	511442944
1432	211000022279802	1029	511705088
1433	211000022279813	1111	511967232
1434	211000022279831	1181	512229376
1435	211000022279835	1283	512491520
1436	211000022279870	1525	512753664
1437	211000022280320	1802	513015808
1438	211000022280322	1394	513277952
1439	211000022280325	1527	513540096
1440	211000022280327	1351	513802240
1441	211000022280333	2855	514064384
1442	211000022280335	3396	514326528
1443	211000022280338	1487	514588672
1444	211000022280340	2804	514850816
1445	211000022280341	1371	515112960
1446	211000022280343	1340	515375104
1447	211000022280344	1851	515637248
1448	211000022280345	1197	515899392
1449	211000022280347	1870	516161536
1450	211000022280350	1067	516423680
1451	211000022280440	3262	516685824
1452	211000022280443	2575	516947968
1453	211000022280448	4006	517210112
1454	211000022280455	3717	517472256
1455	211000022280457	4471	517734400
1456	211000022280463	3638	517996544
1457	211000022280469	2811	518258688
1458	211000022280497	2745	518520832
1459	211000022280471	3755	518782976
1460	211000022280472	5698	519045120
1461	211000022280474	2927	519307264
1462	211000022280480	3259	519569408
1463	211000022280485	2529	519831552
1464	211000022280501	2828	520093696
1465	211000022280511	3085	520355840
1466	211000022280522	3603	520617984
1467	211000022280525	3554	520880128
1468	211000022280535	2583	521142272
1469	211000022280605	1936	521404416
1470	211000022280607	4785	521666560
1471	211000022280544	2919	521928704
1472	211000022280545	6000	522190848
1473	211000022280553	2561	522452992
1474	211000022280555	3174	522715136
1475	211000022280557	3190	522977280
1476	211000022280558	4994	523239424
1477	211000022280562	3593	523501568
1478	211000022279101	2217	523763712
1479	211000022280565	3646	524025856
1480	211000022280570	3313	524288000
1481	211000022280588	3223	524550144
1482	211000022280595	3308	524812288
1483	211000022280598	2511	525074432
1484	211000022280599	2205	525336576
1485	211000022280610	2876	525598720
1486	211000022280617	2112	525860864
1487	211000022280618	4705	526123008
1488	211000022280623	3991	526385152
1489	211000022280640	6546	526647296
1490	211000022280644	1391	526909440
1491	211000022280671	4310	527171584
1492	211000022280678	1242	527433728
1493	211000022280679	2421	527695872
1494	211000022280681	1019	527958016
1495	211000022280684	3960	528220160
1496	211000022280685	1099	528482304
1497	211000022280687	3259	528744448
1498	211000022280689	1189	529006592
1499	211000022280691	1213	529268736
1500	211000022279103	1004	529530880
1501	211000022280692	3527	529793024
1502	211000022280694	1553	530055168
1503	211000022280698	2270	530317312
1504	211000022280700	1733	530579456
1505	211000022280702	1112	530841600
1506	211000022280703	3906	531103744
1507	211000022280704	1143	531365888
1508	211000022280707	2708	531628032
1509	211000022280743	4452	531890176
1510	211000022280747	2378	532152320
1511	211000022280762	4202	532414464
1512	211000022278161	1250	532676608
1513	211000022278241	1077	532938752
1514	211000022278242	1226	533200896
1515	211000022278298	1614	533463040
1516	211000022278307	1525	533725184
1517	211000022278338	1278	533987328
1518	211000022278339	1047	534249472
1519	211000022278408	1301	534511616
1520	211000022278453	1033	534773760
1521	211000022280580	2295	535035904
1522	211000022278501	1049	535298048
1523	211000022278554	2916	535560192
1524	211000022278603	1105	535822336
1525	211000022278660	1084	536084480
1526	211000022278663	1146	536346624
1527	211000022278664	2451	536608768
1528	211000022278869	2381	536870912
1529	211000022278874	2094	537133056
1530	211000022278877	1125	537395200
1531	211000022278878	1080	537657344
1532	211000022278881	1060	537919488
1533	211000022278897	1167	538181632
1534	211000022278920	1127	538443776
1535	211000022278942	2384	538705920
1536	211000022278951	1192	538968064
1537	211000022278975	2793	539230208
1538	211000022278985	1044	539492352
1539	211000022279055	1123	539754496
1540	211000022279122	2383	540016640
1541	211000022279134	1012	540278784
1542	211000022279204	1458	540540928
1543	211000022279222	1136	540803072
1544	211000022279271	1040	541065216
1545	211000022279342	1011	541327360
1546	211000022279399	1114	541589504
1547	211000022279529	1407	541851648
1548	211000022279555	1198	542113792
1549	211000022279600	1429	542375936
1550	211000022279602	2629	542638080
1551	211000022278230	1004	542900224
1552	211000022279667	4222	543162368
1553	211000022279701	4553	543424512
1554	211000022279708	1275	543686656
1555	211000022279810	2381	543948800
1556	211000022279945	3527	544210944
1557	211000022279975	1096	544473088
1558	211000022279991	1211	544735232
1559	211000022280091	1260	544997376
1560	211000022280142	1062	545259520
1561	211000022280467	3129	545521664
1562	211000022280492	2438	545783808
1563	211000022278099	1625	546045952
1564	211000022278122	1311	546308096
1565	211000022278125	1709	546570240
1566	211000022278165	1713	546832384
1567	211000022278187	1258	547094528
1568	211000022278208	2956	547356672
1569	211000022278209	2781	547618816
1570	211000022278227	1516	547880960
1571	211000022278228	1793	548143104
1572	211000022278827	1482	548405248
1573	211000022278828	2425	548667392
1574	211000022278829	1488	548929536
1575	211000022278830	1323	549191680
1576	211000022278832	1336	549453824
1577	211000022278833	1091	549715968
1578	211000022278834	1028	549978112
1579	211000022278835	1052	550240256
1580	211000022278837	1419	550502400
1581	211000022279911	2703	550764544
1582	211000022279913	4939	551026688
1583	211000022279921	1869	551288832
1584	211000022279923	1106	551550976
1585	211000022279927	1060	551813120
1586	211000022279928	4967	552075264
1587	211000022279929	2207	552337408
1588	211000022279931	1724	552599552
1589	211000022279933	1108	552861696
1590	211000022278838	1423	553123840
1591	211000022278839	1630	553385984
1592	211000022278841	1055	553648128
1593	211000022278842	1747	553910272
1594	211000022278843	1251	554172416
1595	211000022278845	2079	554434560
1596	211000022278850	1544	554696704
1597	211000022278846	2877	554958848
1598	211000022278851	1476	555220992
1599	211000022278852	1062	555483136
1600	211000022278854	1856	555745280
1601	211000022278855	1376	556007424
1602	211000022278857	1558	556269568
1603	211000022278861	1509	556531712
1604	211000022279083	1042	556793856
1605	211000022278868	2871	557056000
1606	211000022278879	1963	557318144
1607	211000022278880	1100	557580288
1608	211000022278882	1238	557842432
1609	211000022278892	1155	558104576
1610	211000022279085	2287	558366720
1611	211000022278905	1829	558628864
1612	211000022278907	1724	558891008
1613	211000022279080	1841	559153152
1614	211000022279081	3002	559415296
1615	211000022279082	2822	559677440
1616	211000022279093	1792	559939584
1617	211000022279108	1115	560201728
1618	211000022279109	3076	560463872
1619	211000022279111	1027	560726016
1620	211000022279112	1425	560988160
1621	211000022279113	1015	561250304
1622	211000022279188	3347	561512448
1623	211000022279227	1098	561774592
1624	211000022279244	1556	562036736
1625	211000022279277	2945	562298880
1626	211000022279290	1185	562561024
1627	211000022279295	1529	562823168
1628	211000022279297	1708	563085312
1629	211000022279298	2765	563347456
1630	211000022279299	2237	563609600
1631	211000022279300	1211	563871744
1632	211000022279301	1830	564133888
1633	211000022279303	1871	564396032
1634	211000022279304	1161	564658176
1635	211000022279307	2126	564920320
1636	211000022279315	1031	565182464
1637	211000022279322	1769	565444608
1638	211000022279327	1057	565706752
1639	211000022279328	1284	565968896
1640	211000022279339	1184	566231040
1641	211000022279340	2366	566493184
1642	211000022280024	2232	566755328
1643	211000022279388	1309	567017472
1644	211000022279408	2825	567279616
1645	211000022279437	1432	567541760
1646	211000022279438	1046	567803904
1647	211000022279460	3024	568066048
1648	211000022279467	1078	568328192
1649	211000022279497	3275	568590336
1650	211000022279499	3478	568852480
1651	211000022279501	1175	569114624
1652	211000022279502	2814	569376768
1653	211000022279504	2317	569638912
1654	211000022279505	1178	569901056
1655	211000022279515	1510	570163200
1656	211000022279518	1037	570425344
1657	211000022279528	1260	570687488
1658	211000022279530	2372	570949632
1659	211000022279704	2355	571211776
1660	211000022279531	1200	571473920
1661	211000022279537	2420	571736064
1662	211000022279542	1595	571998208
1663	211000022279543	1135	572260352
1664	211000022279552	2834	572522496
1665	211000022279553	2284	572784640
1666	211000022279570	1235	573046784
1667	211000022279601	2068	573308928
1668	211000022279604	1102	573571072
1669	211000022279605	1086	573833216
1670	211000022279608	2937	574095360
1671	211000022279610	1257	574357504
1672	211000022279673	3926	574619648
1673	211000022279674	1315	574881792
1674	211000022279690	1145	575143936
1675	211000022279698	2844	575406080
1676	211000022279703	2833	575668224
1677	211000022279705	4515	575930368
1678	211000022279720	1008	576192512
1679	211000022279721	1265	576454656
1680	211000022279730	3553	576716800
1681	211000022279731	3984	576978944
1682	211000022279732	2282	577241088
1683	211000022279764	1269	577503232
1684	211000022279767	1306	577765376
1685	211000022279772	3290	578027520
1686	211000022279773	1158	578289664
1687	211000022278589	2005	578551808
1688	211000022279774	2318	578813952
1689	211000022279803	1173	579076096
1690	211000022279830	1184	579338240
1691	211000022279833	1161	579600384
1692	211000022279834	2139	579862528
1693	211000022279857	1159	580124672
1694	211000022279859	1109	580386816
1695	211000022279860	1212	580648960
1696	211000022279861	1053	580911104
1697	211000022279862	1208	581173248
1698	211000022279881	1153	581435392
1699	211000022279882	1071	581697536
1700	211000022279888	1402	581959680
1701	211000022279944	1310	582221824
1702	211000022279957	1586	582483968
1703	211000022279967	2413	582746112
1704	211000022279968	2846	583008256
1705	211000022279978	1271	583270400
1706	211000022279984	1301	583532544
1707	211000022279994	2463	583794688
1708	211000022279998	1281	584056832
1709	211000022280007	1294	584318976
1710	211000022278284	2017	584581120
1711	211000022280017	1134	584843264
1712	211000022280019	1084	585105408
1713	211000022280022	1361	585367552
1714	211000022280023	1112	585629696
1715	211000022280029	1556	585891840
1716	211000022278780	2033	586153984
1717	211000022280034	1326	586416128
1718	211000022280060	1803	586678272
1719	211000022280061	1636	586940416
1720	211000022280077	1181	587202560
1721	211000022280088	2223	587464704
1722	211000022280095	2671	587726848
1723	211000022280125	1058	587988992
1724	211000022280148	2686	588251136
1725	211000022280173	1112	588513280
1726	211000022280243	1710	588775424
1727	211000022279938	1140	589037568
1728	211000022279941	1136	589299712
1729	211000022279950	1429	589561856
1730	211000022279951	3374	589824000
1731	211000022279963	1456	590086144
1732	211000022279972	1014	590348288
1733	211000022279974	1182	590610432
1734	211000022279988	1072	590872576
1735	211000022279989	1756	591134720
1736	211000022279995	1141	591396864
1737	211000022279999	1171	591659008
1738	211000022280040	1051	591921152
1739	211000022280044	1341	592183296
1740	211000022280057	1030	592445440
1741	211000022280072	1039	592707584
1742	211000022280090	1202	592969728
1743	211000022280138	2709	593231872
1744	211000022280157	1277	593494016
1745	211000022280481	3713	593756160
1746	211000022280483	3341	594018304
1747	211000022280494	4197	594280448
1748	211000022280504	4059	594542592
1749	211000022280619	3195	594804736
1750	211000022280748	5564	595066880
1751	211000022279387	1044	595329024
1752	211000022278205	2176	595591168
1753	211000022278672	2221	595853312
1754	211000022279165	1118	596115456
1755	211000022279174	1195	596377600
1756	211000022279181	1148	596639744
1757	211000022279211	1056	596901888
1758	211000022279224	3173	597164032
1759	211000022279261	2522	597426176
1760	211000022279264	1019	597688320
1761	211000022279269	1271	597950464
1762	211000022279272	1027	598212608
1763	211000022279279	1393	598474752
1764	211000022279280	1162	598736896
1765	211000022279314	1054	598999040
1766	211000022279319	1297	599261184
1767	211000022279333	1166	599523328
1768	211000022279334	2342	599785472
1769	211000022279335	1218	600047616
1770	211000022279352	1147	600309760
1771	211000022279377	1056	600571904
1772	211000022279382	2836	600834048
1773	211000022279385	1063	601096192
1774	211000022279392	1356	601358336
1775	211000022279403	1087	601620480
1776	211000022279404	1322	601882624
1777	211000022279410	1169	602144768
1778	211000022279452	1176	602406912
1779	211000022279458	1139	602669056
1780	211000022279459	1075	602931200
1781	211000022279468	3499	603193344
1782	211000022279484	1360	603455488
1783	211000022279485	1330	603717632
1784	211000022279491	1241	603979776
1785	211000022279492	1042	604241920
1786	211000022279494	1863	604504064
1787	211000022279511	1158	604766208
1788	211000022279532	2899	605028352
1789	211000022279550	1333	605290496
1790	211000022279560	1304	605552640
1791	211000022279582	1683	605814784
1792	211000022279589	1012	606076928
1793	211000022279639	1010	606339072
1794	211000022279642	3046	606601216
1795	211000022279649	3154	606863360
1796	211000022279661	1090	607125504
1797	211000022279669	1170	607387648
1798	211000022279670	1012	607649792
1799	211000022279677	1053	607911936
1800	211000022279678	1230	608174080
1801	211000022279679	1171	608436224
1802	211000022279680	1637	608698368
1803	211000022279681	11763	608960512
1804	211000022279517	2060	609222656
1805	211000022279868	3156	609484800
1806	211000022278910	1184	609746944
1807	211000022278911	1843	610009088
1808	211000022278921	2698	610271232
1809	211000022278925	1189	610533376
1810	211000022278938	1679	610795520
1811	211000022278971	1238	611057664
1812	211000022279008	12848	611319808
1813	211000022279010	1013	611581952
1814	211000022279012	1178	611844096
1815	211000022279045	1268	612106240
1816	211000022279064	1637	612368384
1817	211000022279065	1687	612630528
1818	211000022279067	1093	612892672
1819	211000022279068	1421	613154816
1820	211000022279071	1253	613416960
1821	211000022279072	1904	613679104
1822	211000022279073	1340	613941248
1823	211000022279074	1492	614203392
1824	211000022279075	1939	614465536
1825	211000022279077	1680	614727680
1826	211000022279078	1800	614989824
1827	211000022279079	1326	615251968
1828	211000022278305	1040	615514112
1829	211000022278562	1035	615776256
1830	211000022278571	1054	616038400
1831	211000022280205	2882	616300544
1832	211000022280211	3144	616562688
1833	211000022280223	2173	616824832
1834	211000022280228	2342	617086976
1835	211000022278691	1252	617349120
1836	211000022279785	1019	617611264
1837	211000022279820	1990	617873408
1838	211000022279844	3649	618135552
1839	211000022279899	1129	618397696
1840	211000022279900	1947	618659840
1841	211000022279651	2434	618921984
1842	211000022279407	1125	619184128
1843	211000022279432	1249	619446272
1844	211000022279465	1045	619708416
1845	211000022279508	1188	619970560
1846	211000022278220	2330	620232704
1847	211000022278247	1013	620494848
1848	211000022278341	2286	620756992
1849	211000022279985	1117	621019136
1850	211000022280632	2750	621281280
1851	211000022279153	1155	621543424
1852	211000022279235	1010	621805568
1853	211000022278898	1025	622067712
1854	211000022278963	2541	622329856
1855	211000022278467	2189	622592000
1856	211000022279023	1374	622854144
1857	211000022279039	2190	623116288
1858	211000022279197	2369	623378432
1859	211000022279200	1008	623640576
1860	211000022279212	1126	623902720
1861	211000022279622	1179	624164864
1862	211000022278504	1047	624427008
1863	211000022279795	1946	624689152
1864	211000022280561	2417	624951296
1865	211000022278309	1110	625213440
1866	211000022280025	1039	625475584
1867	211000022279965	1101	625737728
1868	211000022278909	1088	625999872
1869	211000022278950	1164	626262016
1870	mitochondrion_genome	19524	626524160
Started loading the genome: Sun Oct 15 21:06:59 2017

checking Genome sizefile size: 626786304 bytes; state: good=1 eof=0 fail=0 bad=0
checking SA sizefile size: 1176227449 bytes; state: good=1 eof=0 fail=0 bad=0
checking /SAindex sizefile size: 1565873619 bytes; state: good=1 eof=0 fail=0 bad=0
Read from SAindex: genomeSAindexNbases=14  nSAi=357913940
nGenome=626786304;  nSAbyte=1176227449
GstrandBit=32   SA number of indices=285146048
Shared memory is not used for genomes. Allocated a private copy of the genome.
Genome file size: 626786304 bytes; state: good=1 eof=0 fail=0 bad=0
Loading Genome ... 